<?xml version="1.0" encoding="UTF-8"?>
<testsuite xmlns:xsi="http://www.w3.org/2001/XMLSchema-instance" xsi:noNamespaceSchemaLocation="https://maven.apache.org/surefire/maven-surefire-plugin/xsd/surefire-test-report-3.0.xsd" version="3.0" name="com.example.boot_demo.BootDemoApplicationTests" time="5.301" tests="1" errors="0" skipped="0" failures="0">
  <properties>
[...]
</properties>
  <testcase name="contextLoads" classname="com.example.boot_demo.BootDemoApplicationTests" time="0.694">
    <system-out><![CDATA[08:25:27.489 [main] INFO org.springframework.test.context.support.AnnotationConfigContextLoaderUtils -- Could not detect default configuration classes for test class [com.example.boot_demo.BootDemoApplicationTests]: BootDemoApplicationTests does not declare any static, non-private, non-final, nested classes annotated with @Configuration.
08:25:27.645 [main] INFO org.springframework.boot.test.context.SpringBootTestContextBootstrapper -- Found @SpringBootConfiguration com.example.boot_demo.BootDemoApplication for test class com.example.boot_demo.BootDemoApplicationTests
08:25:27.911 [main] INFO org.springframework.boot.devtools.restart.RestartApplicationListener -- Restart disabled due to context in which it is running

  .   ____          _            __ _ _
 /\\ / ___'_ __ _ _(_)_ __  __ _ \ \ \ \
( ( )\___ | '_ | '_| | '_ \/ _` | \ \ \ \
 \\/  ___)| |_)| | | | | || (_| |  ) ) ) )
  '  |____| .__|_| |_|_| |_\__, | / / / /
 =========|_|==============|___/=/_/_/_/

 :: Spring Boot ::                (v3.3.1)

2024-07-25T08:25:28.177+08:00  INFO 25136 --- [boot-demo] [           main] c.e.boot_demo.BootDemoApplicationTests   : Starting BootDemoApplicationTests using Java 19.0.1 with PID 25136 (started by 战66 in F:\java web_summer\boot-demo)
2024-07-25T08:25:28.177+08:00  INFO 25136 --- [boot-demo] [           main] c.e.boot_demo.BootDemoApplicationTests   : No active profile set, falling back to 1 default profile: "default"
2024-07-25T08:25:29.061+08:00  INFO 25136 --- [boot-demo] [           main] .s.d.r.c.RepositoryConfigurationDelegate : Multiple Spring Data modules found, entering strict repository configuration mode
2024-07-25T08:25:29.077+08:00  INFO 25136 --- [boot-demo] [           main] .s.d.r.c.RepositoryConfigurationDelegate : Bootstrapping Spring Data Redis repositories in DEFAULT mode.
2024-07-25T08:25:29.109+08:00  INFO 25136 --- [boot-demo] [           main] .s.d.r.c.RepositoryConfigurationDelegate : Finished Spring Data repository scanning in 21 ms. Found 0 Redis repository interfaces.
Logging initialized using 'class org.apache.ibatis.logging.stdout.StdOutImpl' adapter.
Get /172.20.144.1 network interface 
Get network interface info: name:eth32 (Hyper-V Virtual Ethernet Adapter)
Initialization Sequence datacenterId:8 workerId:25
 _ _   |_  _ _|_. ___ _ |    _ 
| | |\/|_)(_| | |_\  |_)||_|_\ 
     /               |         
                        3.5.7 
Can not find table primary key in Class: "com.example.boot_demo.entity.Ticketrecord".
2024-07-25T08:25:30.649+08:00  WARN 25136 --- [boot-demo] [           main] c.b.m.core.injector.DefaultSqlInjector   : class com.example.boot_demo.entity.Ticketrecord ,Not found @TableId annotation, Cannot use Mybatis-Plus 'xxById' Method.
This primary key of "id" is primitive !不建议如此请使用包装类 in Class: "com.example.boot_demo.entity.User"
This primary key of "fId" is primitive !不建议如此请使用包装类 in Class: "com.example.boot_demo.entity.Flight"
This primary key of "id" is primitive !不建议如此请使用包装类 in Class: "com.example.boot_demo.entity.Admin"
2024-07-25T08:25:31.783+08:00  INFO 25136 --- [boot-demo] [           main] c.e.boot_demo.BootDemoApplicationTests   : Started BootDemoApplicationTests in 3.903 seconds (process running for 5.134)
]]></system-out>
  </testcase>
</testsuite>